2023-12-27 23:29:40,684 [restartedMain] INFO  in.ashokit.Application                             - Starting Application using Java 17.0.4 with PID 21352 (E:\Project\04_SpringBoot_Rest_APi\target\classes started by 91985 in E:\Project\04_SpringBoot_Rest_APi)
2023-12-27 23:29:40,684 [restartedMain] INFO  in.ashokit.Application                             - No active profile set, falling back to 1 default profile: "default"
2023-12-27 23:29:40,765 [restartedMain] INFO  o.s.b.w.embedded.tomcat.TomcatWebServer            - Tomcat initialized with port 8080 (http)
2023-12-27 23:29:40,766 [restartedMain] INFO  o.apache.coyote.http11.Http11NioProtocol           - Initializing ProtocolHandler ["http-nio-8080"]
2023-12-27 23:29:40,766 [restartedMain] INFO  o.apache.catalina.core.StandardService             - Starting service [Tomcat]
2023-12-27 23:29:40,776 [restartedMain] INFO  org.apache.catalina.core.StandardEngine            - Starting Servlet engine: [Apache Tomcat/10.1.17]
2023-12-27 23:29:40,784 [restartedMain] INFO  o.a.c.c.C.[Tomcat].[localhost].[/]                 - Initializing Spring embedded WebApplicationContext
2023-12-27 23:29:40,784 [restartedMain] INFO  o.s.b.w.s.c.ServletWebServerApplicationContext     - Root WebApplicationContext: initialization completed in 99 ms
2023-12-27 23:29:40,808 [restartedMain] INFO  o.s.b.d.a.OptionalLiveReloadServer                 - LiveReload server is running on port 35729
2023-12-27 23:29:40,810 [restartedMain] INFO  o.apache.coyote.http11.Http11NioProtocol           - Starting ProtocolHandler ["http-nio-8080"]
2023-12-27 23:29:40,813 [restartedMain] INFO  o.s.b.w.embedded.tomcat.TomcatWebServer            - Tomcat started on port 8080 (http) with context path ''
2023-12-27 23:29:40,815 [restartedMain] INFO  in.ashokit.Application                             - Started Application in 0.145 seconds (process running for 261.885)
2023-12-27 23:29:40,816 [restartedMain] INFO  o.s.b.d.a.ConditionEvaluationDeltaLoggingListener  - Condition evaluation unchanged
2023-12-27 23:29:45,631 [http-nio-8080-exec-1] INFO  o.a.c.c.C.[Tomcat].[localhost].[/]                 - Initializing Spring DispatcherServlet 'dispatcherServlet'
2023-12-27 23:29:45,631 [http-nio-8080-exec-1] INFO  o.s.web.servlet.DispatcherServlet                  - Initializing Servlet 'dispatcherServlet'
2023-12-27 23:29:45,632 [http-nio-8080-exec-1] INFO  o.s.web.servlet.DispatcherServlet                  - Completed initialization in 1 ms
2023-12-27 23:29:45,633 [http-nio-8080-exec-1] INFO  in.ashokit.rest.MsgRestController                  - this is log -Info msg
2023-12-27 23:29:45,633 [http-nio-8080-exec-1] WARN  in.ashokit.rest.MsgRestController                  - this is log -warn msg
2023-12-27 23:29:45,633 [http-nio-8080-exec-1] ERROR in.ashokit.rest.MsgRestController                  - this is log -Error msg
2023-12-27 23:29:59,702 [http-nio-8080-exec-2] INFO  in.ashokit.rest.MsgRestController                  - this is log -Info msg
2023-12-27 23:29:59,702 [http-nio-8080-exec-2] WARN  in.ashokit.rest.MsgRestController                  - this is log -warn msg
2023-12-27 23:29:59,702 [http-nio-8080-exec-2] ERROR in.ashokit.rest.MsgRestController                  - this is log -Error msg
2023-12-27 23:30:00,161 [http-nio-8080-exec-4] INFO  in.ashokit.rest.MsgRestController                  - this is log -Info msg
2023-12-27 23:30:00,161 [http-nio-8080-exec-4] WARN  in.ashokit.rest.MsgRestController                  - this is log -warn msg
2023-12-27 23:30:00,161 [http-nio-8080-exec-4] ERROR in.ashokit.rest.MsgRestController                  - this is log -Error msg
2023-12-27 23:30:10,392 [RMI TCP Connection(15)-127.0.0.1] INFO  o.s.b.a.SpringApplicationAdminMXBeanRegistrar$SpringApplicationAdmin - Application shutdown requested.
2023-12-27 23:30:10,393 [RMI TCP Connection(15)-127.0.0.1] INFO  o.apache.coyote.http11.Http11NioProtocol           - Stopping ProtocolHandler ["http-nio-8080"]
2023-12-27 23:51:47,057 [restartedMain] INFO  in.ashokit.Application                             - Starting Application using Java 17.0.4 with PID 22788 (E:\Project\04_SpringBoot_Rest_APi\target\classes started by 91985 in E:\Project\04_SpringBoot_Rest_APi)
2023-12-27 23:51:47,060 [restartedMain] INFO  in.ashokit.Application                             - No active profile set, falling back to 1 default profile: "default"
2023-12-27 23:51:47,099 [restartedMain] INFO  o.s.b.d.e.DevToolsPropertyDefaultsPostProcessor    - Devtools property defaults active! Set 'spring.devtools.add-properties' to 'false' to disable
2023-12-27 23:51:47,099 [restartedMain] INFO  o.s.b.d.e.DevToolsPropertyDefaultsPostProcessor    - For additional web related logging consider setting the 'logging.level.web' property to 'DEBUG'
2023-12-27 23:51:47,709 [restartedMain] INFO  o.s.b.w.embedded.tomcat.TomcatWebServer            - Tomcat initialized with port 8080 (http)
2023-12-27 23:51:47,716 [restartedMain] INFO  o.apache.coyote.http11.Http11NioProtocol           - Initializing ProtocolHandler ["http-nio-8080"]
2023-12-27 23:51:47,717 [restartedMain] INFO  o.apache.catalina.core.StandardService             - Starting service [Tomcat]
2023-12-27 23:51:47,718 [restartedMain] INFO  org.apache.catalina.core.StandardEngine            - Starting Servlet engine: [Apache Tomcat/10.1.17]
2023-12-27 23:51:47,761 [restartedMain] INFO  o.a.c.c.C.[Tomcat].[localhost].[/]                 - Initializing Spring embedded WebApplicationContext
2023-12-27 23:51:47,761 [restartedMain] INFO  o.s.b.w.s.c.ServletWebServerApplicationContext     - Root WebApplicationContext: initialization completed in 661 ms
2023-12-27 23:51:47,999 [restartedMain] INFO  o.s.b.d.a.OptionalLiveReloadServer                 - LiveReload server is running on port 35729
2023-12-27 23:51:48,010 [restartedMain] INFO  o.apache.coyote.http11.Http11NioProtocol           - Starting ProtocolHandler ["http-nio-8080"]
2023-12-27 23:51:48,025 [restartedMain] INFO  o.s.b.w.embedded.tomcat.TomcatWebServer            - Tomcat started on port 8080 (http) with context path ''
2023-12-27 23:51:48,032 [restartedMain] INFO  in.ashokit.Application                             - Started Application in 1.205 seconds (process running for 1.875)
2023-12-27 23:51:53,551 [http-nio-8080-exec-1] INFO  o.a.c.c.C.[Tomcat].[localhost].[/]                 - Initializing Spring DispatcherServlet 'dispatcherServlet'
2023-12-27 23:51:53,551 [http-nio-8080-exec-1] INFO  o.s.web.servlet.DispatcherServlet                  - Initializing Servlet 'dispatcherServlet'
2023-12-27 23:51:53,552 [http-nio-8080-exec-1] INFO  o.s.web.servlet.DispatcherServlet                  - Completed initialization in 1 ms
2023-12-27 23:51:53,570 [http-nio-8080-exec-1] INFO  in.ashokit.rest.MsgRestController                  - this is log -Info msg
2023-12-27 23:51:53,571 [http-nio-8080-exec-1] WARN  in.ashokit.rest.MsgRestController                  - this is log -warn msg
2023-12-27 23:51:53,571 [http-nio-8080-exec-1] ERROR in.ashokit.rest.MsgRestController                  - this is log -Error msg
2023-12-27 23:52:13,340 [RMI TCP Connection(6)-127.0.0.1] INFO  o.s.b.a.SpringApplicationAdminMXBeanRegistrar$SpringApplicationAdmin - Application shutdown requested.
2023-12-27 23:52:13,342 [RMI TCP Connection(6)-127.0.0.1] INFO  o.apache.coyote.http11.Http11NioProtocol           - Stopping ProtocolHandler ["http-nio-8080"]
